{
  "stats": {
    "suites": 1,
    "tests": 10,
    "passes": 10,
    "pending": 0,
    "failures": 0,
    "start": "2025-12-05T13:18:31.802Z",
    "end": "2025-12-05T13:19:35.048Z",
    "duration": 63246,
    "testsRegistered": 10,
    "passPercent": 100,
    "pendingPercent": 0,
    "other": 0,
    "hasOther": false,
    "skipped": 0,
    "hasSkipped": false
  },
  "results": [
    {
      "uuid": "160132db-a775-483a-a0b3-181beeadbac3",
      "title": "",
      "fullFile": "cypress\\e2e\\demoblaze.com.cy.js",
      "file": "cypress\\e2e\\demoblaze.com.cy.js",
      "beforeHooks": [],
      "afterHooks": [],
      "tests": [],
      "suites": [
        {
          "uuid": "98e47dca-180b-4c1a-99bc-ab8e44bccf5f",
          "title": "Automation testing on demoblaze.com",
          "fullFile": "",
          "file": "",
          "beforeHooks": [],
          "afterHooks": [],
          "tests": [
            {
              "title": "verify Url and title of the Page",
              "fullTitle": "Automation testing on demoblaze.com verify Url and title of the Page",
              "timedOut": null,
              "duration": 3660,
              "state": "passed",
              "speed": "fast",
              "pass": true,
              "fail": false,
              "pending": false,
              "context": null,
              "code": "cy.url().should('eq', 'https://www.demoblaze.com/index.html');\ncy.title().should('include', 'STORE');",
              "err": {},
              "uuid": "f8067d80-fe93-4925-b71a-697d88df4699",
              "parentUUID": "98e47dca-180b-4c1a-99bc-ab8e44bccf5f",
              "isHook": false,
              "skipped": false
            },
            {
              "title": "verifying the Navbar Element",
              "fullTitle": "Automation testing on demoblaze.com verifying the Navbar Element",
              "timedOut": null,
              "duration": 5527,
              "state": "passed",
              "speed": "medium",
              "pass": true,
              "fail": false,
              "pending": false,
              "context": null,
              "code": "cy.get('#navbarExample').should('be.visible');\ncy.get('#nava').should('be.visible');\n// Verify categories sidebar\ncy.get(\"#cat\").should(\"be.visible\");\ncy.get('#itemc').contains('Phones').should('be.visible');\ncy.get('#itemc.list-group-item').contains('Laptops').should('be.visible');\ncy.get('#itemc.list-group-item').contains('Monitors').should('be.visible');\n// Verify carousel is visible\ncy.get(\"#carouselExampleIndicators\").should(\"be.visible\");\n// Verify at least one product card is displayed\ncy.get(\"div.card.h-100\").should(\"have.length.greaterThan\", 7);\n//verify the product match its product item name\ncy.get(\"div.card.h-100\").contains('Samsung galaxy s6').should('be.visible');\ncy.get(\"div.card.h-100\").contains('Nokia lumia 1520').should('be.visible');\ncy.get(\"div.card.h-100\").contains('Nexus 6').should('be.visible');\ncy.get(\"div.card.h-100\").contains('Iphone 6 32gb').should('be.visible');\ncy.get(\"div.card.h-100\").contains('Sony xperia z5').should('be.visible');\ncy.get(\"div.card.h-100\").contains('HTC One M9').should('be.visible');\n///verify the monitors production and laptop product match\ncy.get('#next2').click();\ncy.get(\"div.card.h-100:nth-child(1)\").contains('MacBook air').should('be.visible');\ncy.get(\"div.card.h-100:nth-child(1)\").contains('Dell i7 8gb').should('be.visible');\ncy.get(\"div.card.h-100:nth-child(1)\").contains('2017 Dell 15.6 Inch').should('be.visible');\ncy.get(\"div.card.h-100:nth-child(1)\").contains('ASUS Full HD').should('be.visible');\ncy.get(\"div.card.h-100:nth-child(1)\").contains('MacBook Pro').should('be.visible');",
              "err": {},
              "uuid": "6ff0d48a-76c7-4a3e-8d91-c7d2ba0f07be",
              "parentUUID": "98e47dca-180b-4c1a-99bc-ab8e44bccf5f",
              "isHook": false,
              "skipped": false
            },
            {
              "title": "should filter products when a category is clicked",
              "fullTitle": "Automation testing on demoblaze.com should filter products when a category is clicked",
              "timedOut": null,
              "duration": 2773,
              "state": "passed",
              "speed": "fast",
              "pass": true,
              "fail": false,
              "pending": false,
              "context": null,
              "code": "cy.get(\"#itemc\").contains(\"Phones\").click();\ncy.get(\".card-title\").each($el => {\n  cy.wrap($el).should(\"be.visible\");\n});",
              "err": {},
              "uuid": "15e226dd-8b95-4759-8215-9e6b44b416ee",
              "parentUUID": "98e47dca-180b-4c1a-99bc-ab8e44bccf5f",
              "isHook": false,
              "skipped": false
            },
            {
              "title": "verify login Functionality with valid input",
              "fullTitle": "Automation testing on demoblaze.com verify login Functionality with valid input",
              "timedOut": null,
              "duration": 12696,
              "state": "passed",
              "speed": "slow",
              "pass": true,
              "fail": false,
              "pending": false,
              "context": null,
              "code": "cy.get('.nav-link#login2').click();\ncy.wait(5000);\ncy.get('#loginusername').should('be.visible').type('Ghost101');\ncy.get('#loginpassword').should('be.visible').type('Ghost101');\ncy.get(\"button[onclick='logIn()']\").should('be.visible').click();\ncy.get('#nameofuser').should('be.visible');\ncy.contains('Welcome Ghost101');",
              "err": {},
              "uuid": "374127f6-3a48-4c04-adfa-424f41416ddf",
              "parentUUID": "98e47dca-180b-4c1a-99bc-ab8e44bccf5f",
              "isHook": false,
              "skipped": false
            },
            {
              "title": "verify login Functionality with invalid input",
              "fullTitle": "Automation testing on demoblaze.com verify login Functionality with invalid input",
              "timedOut": null,
              "duration": 6425,
              "state": "passed",
              "speed": "medium",
              "pass": true,
              "fail": false,
              "pending": false,
              "context": null,
              "code": "cy.get('.nav-link#login2').click();\ncy.wait(2000);\ncy.get('#loginusername').type('Ghost1011');\ncy.get('#loginpassword').type('Ghost101');\ncy.get(\"button[onclick='logIn()']\").click();\ncy.on('window:alert', text => {\n  expect(text).to.contains('User does not exist.');\n});",
              "err": {},
              "uuid": "4c03e654-3337-4a27-bbb7-eff139a80abe",
              "parentUUID": "98e47dca-180b-4c1a-99bc-ab8e44bccf5f",
              "isHook": false,
              "skipped": false
            },
            {
              "title": "verify login Functionality with empty field",
              "fullTitle": "Automation testing on demoblaze.com verify login Functionality with empty field",
              "timedOut": null,
              "duration": 1571,
              "state": "passed",
              "speed": "fast",
              "pass": true,
              "fail": false,
              "pending": false,
              "context": null,
              "code": "cy.get('.nav-link#login2').click();\n//cy.wait(2000)\ncy.get(\"button[onclick='logIn()']\").click();\ncy.on('window:alert', text => {\n  expect(text).to.contains('Please fill out Username and Password.');\n});",
              "err": {},
              "uuid": "6962d17e-d8ae-4367-a345-02eb4356ddf8",
              "parentUUID": "98e47dca-180b-4c1a-99bc-ab8e44bccf5f",
              "isHook": false,
              "skipped": false
            },
            {
              "title": "verify signup page functionality",
              "fullTitle": "Automation testing on demoblaze.com verify signup page functionality",
              "timedOut": null,
              "duration": 4446,
              "state": "passed",
              "speed": "fast",
              "pass": true,
              "fail": false,
              "pending": false,
              "context": null,
              "code": "cy.get('#signin2').should('be.visible').click();\ncy.wait(2000);\n///sigup information \ncy.get('#sign-username').should('be.visible').type('solomon');\ncy.get('#sign-password').should('be.visible').type('solomon');\n//button\ncy.get(\"button[onclick='register()']\").should('be.visible').click();",
              "err": {},
              "uuid": "05a22e94-4067-4d75-8b68-8eef27fca57a",
              "parentUUID": "98e47dca-180b-4c1a-99bc-ab8e44bccf5f",
              "isHook": false,
              "skipped": false
            },
            {
              "title": "verify signup page functionality with existin user Login",
              "fullTitle": "Automation testing on demoblaze.com verify signup page functionality with existin user Login",
              "timedOut": null,
              "duration": 6843,
              "state": "passed",
              "speed": "medium",
              "pass": true,
              "fail": false,
              "pending": false,
              "context": null,
              "code": "cy.get('#signin2').should('be.visible').click();\ncy.wait(2000);\n///sigup information \ncy.get('#sign-username').should('be.visible').type('solomon');\ncy.get('#sign-password').should('be.visible').type('solomon');\ncy.get(\"button[onclick='register()']\").should('be.visible').click();\n///assert window alert for user already exist \ncy.on('window:alert', text => {\n  expect(text).to.include('This user already exist');\n});",
              "err": {},
              "uuid": "6bbe2880-9037-498b-aa08-2a2069b9f104",
              "parentUUID": "98e47dca-180b-4c1a-99bc-ab8e44bccf5f",
              "isHook": false,
              "skipped": false
            },
            {
              "title": "verify signup page functionality with empty field",
              "fullTitle": "Automation testing on demoblaze.com verify signup page functionality with empty field",
              "timedOut": null,
              "duration": 5001,
              "state": "passed",
              "speed": "medium",
              "pass": true,
              "fail": false,
              "pending": false,
              "context": null,
              "code": "cy.get('#signin2').should('be.visible').click();\ncy.wait(2000);\ncy.get(\"button[onclick='register()']\").should('be.visible').click();\n//assert window alert popup\ncy.on('window:alert', text => {\n  expect(text).to.include('Please fill out Username and Password.');\n});",
              "err": {},
              "uuid": "e3ac2c78-4771-4a55-b2c7-e4f5ba5d3c0b",
              "parentUUID": "98e47dca-180b-4c1a-99bc-ab8e44bccf5f",
              "isHook": false,
              "skipped": false
            },
            {
              "title": "verify user can signup with special characters",
              "fullTitle": "Automation testing on demoblaze.com verify user can signup with special characters",
              "timedOut": null,
              "duration": 4223,
              "state": "passed",
              "speed": "fast",
              "pass": true,
              "fail": false,
              "pending": false,
              "context": null,
              "code": "// Auto-generated username & password (mixed special characters too)\nconst randomUser = \"User\" + Date.now() + \"_*&%\";\nconst randomPass = \"Pass\" + Date.now() + \"_)(%$#@!\";\ncy.get('#signin2').should('be.visible').click();\ncy.wait(1000);\n// Enter generated data\ncy.get('#sign-username').should('be.visible').type(randomUser);\ncy.get('#sign-password').should('be.visible').type(randomPass);\n// Submit form\ncy.get(\"button[onclick='register()']\").should('be.visible').click();\n// Assert success message\ncy.on('window:alert', text => {\n  expect(text).to.include('Sign up successful');\n});",
              "err": {},
              "uuid": "b954b59c-3685-4c16-ad4d-b8b9d92a1b16",
              "parentUUID": "98e47dca-180b-4c1a-99bc-ab8e44bccf5f",
              "isHook": false,
              "skipped": false
            }
          ],
          "suites": [],
          "passes": [
            "f8067d80-fe93-4925-b71a-697d88df4699",
            "6ff0d48a-76c7-4a3e-8d91-c7d2ba0f07be",
            "15e226dd-8b95-4759-8215-9e6b44b416ee",
            "374127f6-3a48-4c04-adfa-424f41416ddf",
            "4c03e654-3337-4a27-bbb7-eff139a80abe",
            "6962d17e-d8ae-4367-a345-02eb4356ddf8",
            "05a22e94-4067-4d75-8b68-8eef27fca57a",
            "6bbe2880-9037-498b-aa08-2a2069b9f104",
            "e3ac2c78-4771-4a55-b2c7-e4f5ba5d3c0b",
            "b954b59c-3685-4c16-ad4d-b8b9d92a1b16"
          ],
          "failures": [],
          "pending": [],
          "skipped": [],
          "duration": 53165,
          "root": false,
          "rootEmpty": false,
          "_timeout": 2000
        }
      ],
      "passes": [],
      "failures": [],
      "pending": [],
      "skipped": [],
      "duration": 0,
      "root": true,
      "rootEmpty": true,
      "_timeout": 2000
    }
  ],
  "meta": {
    "mocha": {
      "version": "7.2.0"
    },
    "mochawesome": {
      "options": {
        "quiet": false,
        "reportFilename": "mochawesome",
        "saveHtml": false,
        "saveJson": true,
        "consoleReporter": "spec",
        "useInlineDiffs": false,
        "code": true
      },
      "version": "7.1.4"
    },
    "marge": {
      "options": {
        "reportDir": "cypress/results",
        "overwrite": false,
        "html": false,
        "json": true
      },
      "version": "6.3.2"
    }
  }
}