{
  "stats": {
    "suites": 1,
    "tests": 11,
    "passes": 11,
    "pending": 0,
    "failures": 0,
    "start": "2025-12-05T13:26:21.622Z",
    "end": "2025-12-05T13:27:09.635Z",
    "duration": 48013,
    "testsRegistered": 11,
    "passPercent": 100,
    "pendingPercent": 0,
    "other": 0,
    "hasOther": false,
    "skipped": 0,
    "hasSkipped": false
  },
  "results": [
    {
      "uuid": "fb7c9cff-1d8b-4625-9d95-fa7c9f131cfd",
      "title": "",
      "fullFile": "cypress\\e2e\\sauce.cy.js",
      "file": "cypress\\e2e\\sauce.cy.js",
      "beforeHooks": [],
      "afterHooks": [],
      "tests": [],
      "suites": [
        {
          "uuid": "bd8dc1c8-ad2f-4dd7-b2ba-941451a55fa3",
          "title": "automation testing Saucedemo.com",
          "fullFile": "",
          "file": "",
          "beforeHooks": [],
          "afterHooks": [],
          "tests": [
            {
              "title": "Verifying the website Url and Title",
              "fullTitle": "automation testing Saucedemo.com Verifying the website Url and Title",
              "timedOut": null,
              "duration": 6876,
              "state": "passed",
              "speed": "medium",
              "pass": true,
              "fail": false,
              "pending": false,
              "context": null,
              "code": "cy.visit('https://www.saucedemo.com/');\ncy.url().should('eq', 'https://www.saucedemo.com/');\ncy.title().should('eq', 'Swag Labs');\ncy.contains('Swag Labs').should('be.visible');",
              "err": {},
              "uuid": "84693fdd-4974-40de-9a91-1d5508aae184",
              "parentUUID": "bd8dc1c8-ad2f-4dd7-b2ba-941451a55fa3",
              "isHook": false,
              "skipped": false
            },
            {
              "title": "Verify Login functionality with invalid input",
              "fullTitle": "automation testing Saucedemo.com Verify Login functionality with invalid input",
              "timedOut": null,
              "duration": 1675,
              "state": "passed",
              "speed": "fast",
              "pass": true,
              "fail": false,
              "pending": false,
              "context": null,
              "code": "cy.visit('https://www.saucedemo.com/');\ncy.get('#user-name').type('visual_user');\ncy.get('#password').type('secret_sauce1');\ncy.get('#login-button').click();\n///verifying using alert \ncy.on('window:alert', text => {\n  expect(text).to.contains('Epic sadface: Username and password do not match any user in this service');\n});\ncy.contains('Epic sadface: Username and password do not match any user in this service');",
              "err": {},
              "uuid": "c9003ddd-08ae-4c1e-8f60-7d8bb47546ab",
              "parentUUID": "bd8dc1c8-ad2f-4dd7-b2ba-941451a55fa3",
              "isHook": false,
              "skipped": false
            },
            {
              "title": "Verify login Functionality with valid input",
              "fullTitle": "automation testing Saucedemo.com Verify login Functionality with valid input",
              "timedOut": null,
              "duration": 1483,
              "state": "passed",
              "speed": "fast",
              "pass": true,
              "fail": false,
              "pending": false,
              "context": null,
              "code": "cy.visit('https://www.saucedemo.com/');\ncy.get('#user-name').type('visual_user');\ncy.get('#password').type('secret_sauce');\ncy.get('#login-button').click();\ncy.contains('Products');",
              "err": {},
              "uuid": "9b015add-6f10-41c5-bb56-432a2823ca3d",
              "parentUUID": "bd8dc1c8-ad2f-4dd7-b2ba-941451a55fa3",
              "isHook": false,
              "skipped": false
            },
            {
              "title": "verify login Functionality with empty field",
              "fullTitle": "automation testing Saucedemo.com verify login Functionality with empty field",
              "timedOut": null,
              "duration": 1232,
              "state": "passed",
              "speed": "fast",
              "pass": true,
              "fail": false,
              "pending": false,
              "context": null,
              "code": "cy.visit('https://www.saucedemo.com/');\ncy.get('#login-button').click();\ncy.contains('Epic sadface: Username is required');\ncy.on('window alert', test => {\n  expect(text).to.contain('Epic sadface: Username is required');\n});",
              "err": {},
              "uuid": "12c4b095-dbc2-4212-b989-c80dc75695f8",
              "parentUUID": "bd8dc1c8-ad2f-4dd7-b2ba-941451a55fa3",
              "isHook": false,
              "skipped": false
            },
            {
              "title": "verifying the number of list products",
              "fullTitle": "automation testing Saucedemo.com verifying the number of list products",
              "timedOut": null,
              "duration": 1571,
              "state": "passed",
              "speed": "fast",
              "pass": true,
              "fail": false,
              "pending": false,
              "context": null,
              "code": "cy.visit('https://www.saucedemo.com/');\ncy.get('#user-name').type('visual_user');\ncy.get('#password').type('secret_sauce');\ncy.get('#login-button').click();\ncy.get(\"div.inventory_item\").should('have.length', '6');",
              "err": {},
              "uuid": "6572cd58-4ed7-477d-822b-f93ce4444cb1",
              "parentUUID": "bd8dc1c8-ad2f-4dd7-b2ba-941451a55fa3",
              "isHook": false,
              "skipped": false
            },
            {
              "title": "verifying if  1st and 5th products matach Item list",
              "fullTitle": "automation testing Saucedemo.com verifying if  1st and 5th products matach Item list",
              "timedOut": null,
              "duration": 1795,
              "state": "passed",
              "speed": "fast",
              "pass": true,
              "fail": false,
              "pending": false,
              "context": null,
              "code": "cy.visit('https://www.saucedemo.com/');\ncy.get('#user-name').type('visual_user');\ncy.get('#password').type('secret_sauce');\ncy.get('#login-button').click();\ncy.get('div.inventory_item:first-child').contains('Sauce Labs Backpack');\ncy.get('div.inventory_item:nth-child(5)').contains('Sauce Labs Onesie');",
              "err": {},
              "uuid": "8aa44d37-eca3-44de-a6e4-c2e9c86d6ee5",
              "parentUUID": "bd8dc1c8-ad2f-4dd7-b2ba-941451a55fa3",
              "isHook": false,
              "skipped": false
            },
            {
              "title": "verifying the Cart functionality",
              "fullTitle": "automation testing Saucedemo.com verifying the Cart functionality",
              "timedOut": null,
              "duration": 6227,
              "state": "passed",
              "speed": "medium",
              "pass": true,
              "fail": false,
              "pending": false,
              "context": null,
              "code": "cy.visit('https://www.saucedemo.com/');\ncy.get('#user-name').type('visual_user');\ncy.get('#password').type('secret_sauce');\ncy.get('#login-button').click();\ncy.get('.shopping_cart_link').should('be.visible').click();",
              "err": {},
              "uuid": "d0a52909-0849-4b48-9c13-b0752a46c79d",
              "parentUUID": "bd8dc1c8-ad2f-4dd7-b2ba-941451a55fa3",
              "isHook": false,
              "skipped": false
            },
            {
              "title": "verify users can add to cart & view numbers of products cart & checkout",
              "fullTitle": "automation testing Saucedemo.com verify users can add to cart & view numbers of products cart & checkout",
              "timedOut": null,
              "duration": 3497,
              "state": "passed",
              "speed": "fast",
              "pass": true,
              "fail": false,
              "pending": false,
              "context": null,
              "code": "cy.visit('https://www.saucedemo.com/');\ncy.get('#user-name').type('visual_user');\ncy.get('#password').type('secret_sauce');\ncy.get('#login-button').click();\n/// validating user can add to cart \ncy.get('#add-to-cart-sauce-labs-backpack').click();\ncy.get('#add-to-cart-sauce-labs-bike-light').click();\n/// validating user can click and check product cart \ncy.get('.shopping_cart_link').click();\n//validating the numbers of Item in the cart\ncy.get(\".cart_list>.cart_item\").should('be.visible').should('have.length', 2);\n// validating user can checkout\ncy.get('#checkout').click();",
              "err": {},
              "uuid": "319a5754-6925-4be7-9d46-f3fc979784ca",
              "parentUUID": "bd8dc1c8-ad2f-4dd7-b2ba-941451a55fa3",
              "isHook": false,
              "skipped": false
            },
            {
              "title": "verify user can fill payment information",
              "fullTitle": "automation testing Saucedemo.com verify user can fill payment information",
              "timedOut": null,
              "duration": 3233,
              "state": "passed",
              "speed": "fast",
              "pass": true,
              "fail": false,
              "pending": false,
              "context": null,
              "code": "cy.visit('https://www.saucedemo.com/');\ncy.get('#user-name').type('visual_user');\ncy.get('#password').type('secret_sauce');\ncy.get('#login-button').click();\ncy.get('#add-to-cart-sauce-labs-backpack').click();\ncy.get('#add-to-cart-sauce-labs-bike-light').click();\ncy.get('.shopping_cart_link').click();\ncy.get('#checkout').click();\n//validating user can input information \ncy.get('#first-name').should('be.visible').type('ghost');\ncy.get('#last-name').should('be.visible').type('ghost');\ncy.get('#postal-code').should('be.visible').type('10001');\ncy.get('#continue').should('be.visible').click();\ncy.contains('Checkout: Overview');",
              "err": {},
              "uuid": "aebb82b0-8b63-42e4-b3cd-15ba56ddd45c",
              "parentUUID": "bd8dc1c8-ad2f-4dd7-b2ba-941451a55fa3",
              "isHook": false,
              "skipped": false
            },
            {
              "title": "verify Payment summary information",
              "fullTitle": "automation testing Saucedemo.com verify Payment summary information",
              "timedOut": null,
              "duration": 3473,
              "state": "passed",
              "speed": "fast",
              "pass": true,
              "fail": false,
              "pending": false,
              "context": null,
              "code": "cy.visit('https://www.saucedemo.com/');\ncy.get('#user-name').type('visual_user');\ncy.get('#password').type('secret_sauce');\ncy.get('#login-button').click();\ncy.get('#add-to-cart-sauce-labs-backpack').click();\ncy.get('#add-to-cart-sauce-labs-bike-light').click();\ncy.get('.shopping_cart_link').click();\ncy.get('#checkout').click();\ncy.get('#first-name').should('be.visible').type('ghost');\ncy.get('#last-name').should('be.visible').type('ghost');\ncy.get('#postal-code').should('be.visible').type('10001');\ncy.get('#continue').should('be.visible').click();\ncy.contains('Checkout: Overview');\n//validating the payment information \ncy.get(\".summary_info_label\").should('be.visible').should('have.length', '3');\ncy.contains('Payment Information');\ncy.contains('Shipping Information:');\ncy.contains('Price Total');\ncy.get('.summary_total_label').contains('Total: $43.18');\ncy.get('#finish').should('be.visible').click();",
              "err": {},
              "uuid": "3efe88d5-2357-45d0-a5af-d765d676d96c",
              "parentUUID": "bd8dc1c8-ad2f-4dd7-b2ba-941451a55fa3",
              "isHook": false,
              "skipped": false
            },
            {
              "title": "verify the logout functionality",
              "fullTitle": "automation testing Saucedemo.com verify the logout functionality",
              "timedOut": null,
              "duration": 2141,
              "state": "passed",
              "speed": "fast",
              "pass": true,
              "fail": false,
              "pending": false,
              "context": null,
              "code": "cy.visit('https://www.saucedemo.com/');\ncy.get('#user-name').type('visual_user');\ncy.get('#password').type('secret_sauce');\ncy.get('#login-button').click();\ncy.get('#react-burger-menu-btn').click();\ncy.get('#logout_sidebar_link').should('be.visible').click();",
              "err": {},
              "uuid": "c5996bcf-841f-4935-865a-17cffddf0379",
              "parentUUID": "bd8dc1c8-ad2f-4dd7-b2ba-941451a55fa3",
              "isHook": false,
              "skipped": false
            }
          ],
          "suites": [],
          "passes": [
            "84693fdd-4974-40de-9a91-1d5508aae184",
            "c9003ddd-08ae-4c1e-8f60-7d8bb47546ab",
            "9b015add-6f10-41c5-bb56-432a2823ca3d",
            "12c4b095-dbc2-4212-b989-c80dc75695f8",
            "6572cd58-4ed7-477d-822b-f93ce4444cb1",
            "8aa44d37-eca3-44de-a6e4-c2e9c86d6ee5",
            "d0a52909-0849-4b48-9c13-b0752a46c79d",
            "319a5754-6925-4be7-9d46-f3fc979784ca",
            "aebb82b0-8b63-42e4-b3cd-15ba56ddd45c",
            "3efe88d5-2357-45d0-a5af-d765d676d96c",
            "c5996bcf-841f-4935-865a-17cffddf0379"
          ],
          "failures": [],
          "pending": [],
          "skipped": [],
          "duration": 33203,
          "root": false,
          "rootEmpty": false,
          "_timeout": 2000
        }
      ],
      "passes": [],
      "failures": [],
      "pending": [],
      "skipped": [],
      "duration": 0,
      "root": true,
      "rootEmpty": true,
      "_timeout": 2000
    }
  ],
  "meta": {
    "mocha": {
      "version": "7.2.0"
    },
    "mochawesome": {
      "options": {
        "quiet": false,
        "reportFilename": "mochawesome",
        "saveHtml": false,
        "saveJson": true,
        "consoleReporter": "spec",
        "useInlineDiffs": false,
        "code": true
      },
      "version": "7.1.4"
    },
    "marge": {
      "options": {
        "reportDir": "cypress/results",
        "overwrite": false,
        "html": false,
        "json": true
      },
      "version": "6.3.2"
    }
  }
}