{
  "stats": {
    "suites": 1,
    "tests": 11,
    "passes": 11,
    "pending": 0,
    "failures": 0,
    "start": "2025-12-05T13:04:42.481Z",
    "end": "2025-12-05T13:05:12.230Z",
    "duration": 29749,
    "testsRegistered": 11,
    "passPercent": 100,
    "pendingPercent": 0,
    "other": 0,
    "hasOther": false,
    "skipped": 0,
    "hasSkipped": false
  },
  "results": [
    {
      "uuid": "d0bf38d6-56eb-46b5-a2b6-c6acac7822ea",
      "title": "",
      "fullFile": "cypress\\e2e\\sauce.cy.js",
      "file": "cypress\\e2e\\sauce.cy.js",
      "beforeHooks": [],
      "afterHooks": [],
      "tests": [],
      "suites": [
        {
          "uuid": "c25d5c86-7239-49a5-98c2-1919de1ca5e7",
          "title": "automation testing Saucedemo.com",
          "fullFile": "",
          "file": "",
          "beforeHooks": [],
          "afterHooks": [],
          "tests": [
            {
              "title": "Verifying the website Url and Title",
              "fullTitle": "automation testing Saucedemo.com Verifying the website Url and Title",
              "timedOut": null,
              "duration": 5420,
              "state": "passed",
              "speed": "medium",
              "pass": true,
              "fail": false,
              "pending": false,
              "context": null,
              "code": "cy.visit('https://www.saucedemo.com/');\ncy.url().should('eq', 'https://www.saucedemo.com/');\ncy.title().should('eq', 'Swag Labs');\ncy.contains('Swag Labs').should('be.visible');",
              "err": {},
              "uuid": "13500d8b-e27b-4fff-9741-5e32a2473aa9",
              "parentUUID": "c25d5c86-7239-49a5-98c2-1919de1ca5e7",
              "isHook": false,
              "skipped": false
            },
            {
              "title": "Verify Login functionality with invalid input",
              "fullTitle": "automation testing Saucedemo.com Verify Login functionality with invalid input",
              "timedOut": null,
              "duration": 1448,
              "state": "passed",
              "speed": "fast",
              "pass": true,
              "fail": false,
              "pending": false,
              "context": null,
              "code": "cy.visit('https://www.saucedemo.com/');\ncy.get('#user-name').type('visual_user');\ncy.get('#password').type('secret_sauce1');\ncy.get('#login-button').click();\n///verifying using alert \ncy.on('window:alert', text => {\n  expect(text).to.contains('Epic sadface: Username and password do not match any user in this service');\n});\ncy.contains('Epic sadface: Username and password do not match any user in this service');",
              "err": {},
              "uuid": "2349c539-7343-4ee9-a682-942c8847e399",
              "parentUUID": "c25d5c86-7239-49a5-98c2-1919de1ca5e7",
              "isHook": false,
              "skipped": false
            },
            {
              "title": "Verify login Functionality with valid input",
              "fullTitle": "automation testing Saucedemo.com Verify login Functionality with valid input",
              "timedOut": null,
              "duration": 1376,
              "state": "passed",
              "speed": "fast",
              "pass": true,
              "fail": false,
              "pending": false,
              "context": null,
              "code": "cy.visit('https://www.saucedemo.com/');\ncy.get('#user-name').type('visual_user');\ncy.get('#password').type('secret_sauce');\ncy.get('#login-button').click();\ncy.contains('Products');",
              "err": {},
              "uuid": "b6d3c34a-ae53-4a69-b6f7-ecea767b0c67",
              "parentUUID": "c25d5c86-7239-49a5-98c2-1919de1ca5e7",
              "isHook": false,
              "skipped": false
            },
            {
              "title": "verify login Functionality with empty field",
              "fullTitle": "automation testing Saucedemo.com verify login Functionality with empty field",
              "timedOut": null,
              "duration": 912,
              "state": "passed",
              "speed": "fast",
              "pass": true,
              "fail": false,
              "pending": false,
              "context": null,
              "code": "cy.visit('https://www.saucedemo.com/');\ncy.get('#login-button').click();\ncy.contains('Epic sadface: Username is required');\ncy.on('window alert', test => {\n  expect(text).to.contain('Epic sadface: Username is required');\n});",
              "err": {},
              "uuid": "e513e7bb-70f9-493f-be71-93680a9cf80e",
              "parentUUID": "c25d5c86-7239-49a5-98c2-1919de1ca5e7",
              "isHook": false,
              "skipped": false
            },
            {
              "title": "verifying the number of list products",
              "fullTitle": "automation testing Saucedemo.com verifying the number of list products",
              "timedOut": null,
              "duration": 1249,
              "state": "passed",
              "speed": "fast",
              "pass": true,
              "fail": false,
              "pending": false,
              "context": null,
              "code": "cy.visit('https://www.saucedemo.com/');\ncy.get('#user-name').type('visual_user');\ncy.get('#password').type('secret_sauce');\ncy.get('#login-button').click();\ncy.get(\"div.inventory_item\").should('have.length', '6');",
              "err": {},
              "uuid": "1f4564db-03f9-45b0-a7be-cd250dd4470d",
              "parentUUID": "c25d5c86-7239-49a5-98c2-1919de1ca5e7",
              "isHook": false,
              "skipped": false
            },
            {
              "title": "verifying if  1st and 5th products matach Item list",
              "fullTitle": "automation testing Saucedemo.com verifying if  1st and 5th products matach Item list",
              "timedOut": null,
              "duration": 1572,
              "state": "passed",
              "speed": "fast",
              "pass": true,
              "fail": false,
              "pending": false,
              "context": null,
              "code": "cy.visit('https://www.saucedemo.com/');\ncy.get('#user-name').type('visual_user');\ncy.get('#password').type('secret_sauce');\ncy.get('#login-button').click();\ncy.get('div.inventory_item:first-child').contains('Sauce Labs Backpack');\ncy.get('div.inventory_item:nth-child(5)').contains('Sauce Labs Onesie');",
              "err": {},
              "uuid": "128f1063-a593-4765-b361-d29ec3a5ff6a",
              "parentUUID": "c25d5c86-7239-49a5-98c2-1919de1ca5e7",
              "isHook": false,
              "skipped": false
            },
            {
              "title": "verifying the Cart functionality",
              "fullTitle": "automation testing Saucedemo.com verifying the Cart functionality",
              "timedOut": null,
              "duration": 2594,
              "state": "passed",
              "speed": "fast",
              "pass": true,
              "fail": false,
              "pending": false,
              "context": null,
              "code": "cy.visit('https://www.saucedemo.com/');\ncy.get('#user-name').type('visual_user');\ncy.get('#password').type('secret_sauce');\ncy.get('#login-button').click();\ncy.get('.shopping_cart_link').should('be.visible').click();",
              "err": {},
              "uuid": "2adf2e88-cd33-4ed2-9d3b-b1fd6089b509",
              "parentUUID": "c25d5c86-7239-49a5-98c2-1919de1ca5e7",
              "isHook": false,
              "skipped": false
            },
            {
              "title": "verify users can add to cart & view numbers of products cart & checkout",
              "fullTitle": "automation testing Saucedemo.com verify users can add to cart & view numbers of products cart & checkout",
              "timedOut": null,
              "duration": 1621,
              "state": "passed",
              "speed": "fast",
              "pass": true,
              "fail": false,
              "pending": false,
              "context": null,
              "code": "cy.visit('https://www.saucedemo.com/');\ncy.get('#user-name').type('visual_user');\ncy.get('#password').type('secret_sauce');\ncy.get('#login-button').click();\n/// validating user can add to cart \ncy.get('#add-to-cart-sauce-labs-backpack').click();\ncy.get('#add-to-cart-sauce-labs-bike-light').click();\n/// validating user can click and check product cart \ncy.get('.shopping_cart_link').click();\n//validating the numbers of Item in the cart\ncy.get(\".cart_list>.cart_item\").should('be.visible').should('have.length', 2);\n// validating user can checkout\ncy.get('#checkout').click();",
              "err": {},
              "uuid": "37cffac5-f28b-44a3-b141-4bb9c96d23e5",
              "parentUUID": "c25d5c86-7239-49a5-98c2-1919de1ca5e7",
              "isHook": false,
              "skipped": false
            },
            {
              "title": "verify user can fill payment information",
              "fullTitle": "automation testing Saucedemo.com verify user can fill payment information",
              "timedOut": null,
              "duration": 2499,
              "state": "passed",
              "speed": "fast",
              "pass": true,
              "fail": false,
              "pending": false,
              "context": null,
              "code": "cy.visit('https://www.saucedemo.com/');\ncy.get('#user-name').type('visual_user');\ncy.get('#password').type('secret_sauce');\ncy.get('#login-button').click();\ncy.get('#add-to-cart-sauce-labs-backpack').click();\ncy.get('#add-to-cart-sauce-labs-bike-light').click();\ncy.get('.shopping_cart_link').click();\ncy.get('#checkout').click();\n//validating user can input information \ncy.get('#first-name').should('be.visible').type('ghost');\ncy.get('#last-name').should('be.visible').type('ghost');\ncy.get('#postal-code').should('be.visible').type('10001');\ncy.get('#continue').should('be.visible').click();\ncy.contains('Checkout: Overview');",
              "err": {},
              "uuid": "da6361df-aace-41a5-b90c-3bf1b874b49b",
              "parentUUID": "c25d5c86-7239-49a5-98c2-1919de1ca5e7",
              "isHook": false,
              "skipped": false
            },
            {
              "title": "verify Payment summary information",
              "fullTitle": "automation testing Saucedemo.com verify Payment summary information",
              "timedOut": null,
              "duration": 2783,
              "state": "passed",
              "speed": "fast",
              "pass": true,
              "fail": false,
              "pending": false,
              "context": null,
              "code": "cy.visit('https://www.saucedemo.com/');\ncy.get('#user-name').type('visual_user');\ncy.get('#password').type('secret_sauce');\ncy.get('#login-button').click();\ncy.get('#add-to-cart-sauce-labs-backpack').click();\ncy.get('#add-to-cart-sauce-labs-bike-light').click();\ncy.get('.shopping_cart_link').click();\ncy.get('#checkout').click();\ncy.get('#first-name').should('be.visible').type('ghost');\ncy.get('#last-name').should('be.visible').type('ghost');\ncy.get('#postal-code').should('be.visible').type('10001');\ncy.get('#continue').should('be.visible').click();\ncy.contains('Checkout: Overview');\n//validating the payment information \ncy.get(\".summary_info_label\").should('be.visible').should('have.length', '3');\ncy.contains('Payment Information');\ncy.contains('Shipping Information:');\ncy.contains('Price Total');\ncy.get('.summary_total_label').contains('Total: $43.18');\ncy.get('#finish').should('be.visible').click();",
              "err": {},
              "uuid": "d96e8fde-32ae-4491-ad88-87d5623620ea",
              "parentUUID": "c25d5c86-7239-49a5-98c2-1919de1ca5e7",
              "isHook": false,
              "skipped": false
            },
            {
              "title": "verify the logout functionality",
              "fullTitle": "automation testing Saucedemo.com verify the logout functionality",
              "timedOut": null,
              "duration": 1567,
              "state": "passed",
              "speed": "fast",
              "pass": true,
              "fail": false,
              "pending": false,
              "context": null,
              "code": "cy.visit('https://www.saucedemo.com/');\ncy.get('#user-name').type('visual_user');\ncy.get('#password').type('secret_sauce');\ncy.get('#login-button').click();\ncy.get('#react-burger-menu-btn').click();\ncy.get('#logout_sidebar_link').should('be.visible').click();",
              "err": {},
              "uuid": "c56940f8-01df-4126-8d46-49ed3133672b",
              "parentUUID": "c25d5c86-7239-49a5-98c2-1919de1ca5e7",
              "isHook": false,
              "skipped": false
            }
          ],
          "suites": [],
          "passes": [
            "13500d8b-e27b-4fff-9741-5e32a2473aa9",
            "2349c539-7343-4ee9-a682-942c8847e399",
            "b6d3c34a-ae53-4a69-b6f7-ecea767b0c67",
            "e513e7bb-70f9-493f-be71-93680a9cf80e",
            "1f4564db-03f9-45b0-a7be-cd250dd4470d",
            "128f1063-a593-4765-b361-d29ec3a5ff6a",
            "2adf2e88-cd33-4ed2-9d3b-b1fd6089b509",
            "37cffac5-f28b-44a3-b141-4bb9c96d23e5",
            "da6361df-aace-41a5-b90c-3bf1b874b49b",
            "d96e8fde-32ae-4491-ad88-87d5623620ea",
            "c56940f8-01df-4126-8d46-49ed3133672b"
          ],
          "failures": [],
          "pending": [],
          "skipped": [],
          "duration": 23041,
          "root": false,
          "rootEmpty": false,
          "_timeout": 2000
        }
      ],
      "passes": [],
      "failures": [],
      "pending": [],
      "skipped": [],
      "duration": 0,
      "root": true,
      "rootEmpty": true,
      "_timeout": 2000
    }
  ],
  "meta": {
    "mocha": {
      "version": "7.2.0"
    },
    "mochawesome": {
      "options": {
        "quiet": false,
        "reportFilename": "mochawesome",
        "saveHtml": false,
        "saveJson": true,
        "consoleReporter": "spec",
        "useInlineDiffs": false,
        "code": true
      },
      "version": "7.1.4"
    },
    "marge": {
      "options": {
        "reportDir": "cypress/results",
        "overwrite": false,
        "html": false,
        "json": true
      },
      "version": "6.3.2"
    }
  }
}