{
  "stats": {
    "suites": 1,
    "tests": 10,
    "passes": 10,
    "pending": 0,
    "failures": 0,
    "start": "2025-12-05T12:51:05.182Z",
    "end": "2025-12-05T12:51:48.137Z",
    "duration": 42955,
    "testsRegistered": 10,
    "passPercent": 100,
    "pendingPercent": 0,
    "other": 0,
    "hasOther": false,
    "skipped": 0,
    "hasSkipped": false
  },
  "results": [
    {
      "uuid": "cd7e4d09-89f6-4ad9-ba7b-e0eeb8e72768",
      "title": "",
      "fullFile": "cypress\\e2e\\demoblaze.com.cy.js",
      "file": "cypress\\e2e\\demoblaze.com.cy.js",
      "beforeHooks": [],
      "afterHooks": [],
      "tests": [],
      "suites": [
        {
          "uuid": "63bc6547-aa9b-4415-ab23-77c73dd06b88",
          "title": "Automation testing on demoblaze.com",
          "fullFile": "",
          "file": "",
          "beforeHooks": [],
          "afterHooks": [],
          "tests": [
            {
              "title": "verify Url and title of the Page",
              "fullTitle": "Automation testing on demoblaze.com verify Url and title of the Page",
              "timedOut": null,
              "duration": 2654,
              "state": "passed",
              "speed": "fast",
              "pass": true,
              "fail": false,
              "pending": false,
              "context": null,
              "code": "cy.url().should('eq', 'https://www.demoblaze.com/index.html');\ncy.title().should('include', 'STORE');",
              "err": {},
              "uuid": "6d189da2-6c2b-4454-8d1b-958bde20fd29",
              "parentUUID": "63bc6547-aa9b-4415-ab23-77c73dd06b88",
              "isHook": false,
              "skipped": false
            },
            {
              "title": "verifying the Navbar Element",
              "fullTitle": "Automation testing on demoblaze.com verifying the Navbar Element",
              "timedOut": null,
              "duration": 3718,
              "state": "passed",
              "speed": "fast",
              "pass": true,
              "fail": false,
              "pending": false,
              "context": null,
              "code": "cy.get('#navbarExample').should('be.visible');\ncy.get('#nava').should('be.visible');\n// Verify categories sidebar\ncy.get(\"#cat\").should(\"be.visible\");\ncy.get('#itemc').contains('Phones').should('be.visible');\ncy.get('#itemc.list-group-item').contains('Laptops').should('be.visible');\ncy.get('#itemc.list-group-item').contains('Monitors').should('be.visible');\n// Verify carousel is visible\ncy.get(\"#carouselExampleIndicators\").should(\"be.visible\");\n// Verify at least one product card is displayed\ncy.get(\"div.card.h-100\").should(\"have.length.greaterThan\", 7);\n//verify the product match its product item name\ncy.get(\"div.card.h-100\").contains('Samsung galaxy s6').should('be.visible');\ncy.get(\"div.card.h-100\").contains('Nokia lumia 1520').should('be.visible');\ncy.get(\"div.card.h-100\").contains('Nexus 6').should('be.visible');\ncy.get(\"div.card.h-100\").contains('Iphone 6 32gb').should('be.visible');\ncy.get(\"div.card.h-100\").contains('Sony xperia z5').should('be.visible');\ncy.get(\"div.card.h-100\").contains('HTC One M9').should('be.visible');\n///verify the monitors production and laptop product match\ncy.get('#next2').click();\ncy.get(\"div.card.h-100:nth-child(1)\").contains('MacBook air').should('be.visible');\ncy.get(\"div.card.h-100:nth-child(1)\").contains('Dell i7 8gb').should('be.visible');\ncy.get(\"div.card.h-100:nth-child(1)\").contains('2017 Dell 15.6 Inch').should('be.visible');\ncy.get(\"div.card.h-100:nth-child(1)\").contains('ASUS Full HD').should('be.visible');\ncy.get(\"div.card.h-100:nth-child(1)\").contains('MacBook Pro').should('be.visible');",
              "err": {},
              "uuid": "2e0a0595-2dd5-4112-8d0d-8149bb351694",
              "parentUUID": "63bc6547-aa9b-4415-ab23-77c73dd06b88",
              "isHook": false,
              "skipped": false
            },
            {
              "title": "should filter products when a category is clicked",
              "fullTitle": "Automation testing on demoblaze.com should filter products when a category is clicked",
              "timedOut": null,
              "duration": 1562,
              "state": "passed",
              "speed": "fast",
              "pass": true,
              "fail": false,
              "pending": false,
              "context": null,
              "code": "cy.get(\"#itemc\").contains(\"Phones\").click();\ncy.get(\".card-title\").each($el => {\n  cy.wrap($el).should(\"be.visible\");\n});",
              "err": {},
              "uuid": "e70965ba-63f1-4f07-bedf-77cf751ba23b",
              "parentUUID": "63bc6547-aa9b-4415-ab23-77c73dd06b88",
              "isHook": false,
              "skipped": false
            },
            {
              "title": "verify login Functionality with valid input",
              "fullTitle": "Automation testing on demoblaze.com verify login Functionality with valid input",
              "timedOut": null,
              "duration": 11518,
              "state": "passed",
              "speed": "slow",
              "pass": true,
              "fail": false,
              "pending": false,
              "context": null,
              "code": "cy.get('.nav-link#login2').click();\ncy.wait(5000);\ncy.get('#loginusername').should('be.visible').type('Ghost101');\ncy.get('#loginpassword').should('be.visible').type('Ghost101');\ncy.get(\"button[onclick='logIn()']\").should('be.visible').click();\ncy.get('#nameofuser').should('be.visible');\ncy.contains('Welcome Ghost101');",
              "err": {},
              "uuid": "ae762067-54bd-4de5-86bd-ee9e89e1c8ee",
              "parentUUID": "63bc6547-aa9b-4415-ab23-77c73dd06b88",
              "isHook": false,
              "skipped": false
            },
            {
              "title": "verify login Functionality with invalid input",
              "fullTitle": "Automation testing on demoblaze.com verify login Functionality with invalid input",
              "timedOut": null,
              "duration": 3863,
              "state": "passed",
              "speed": "fast",
              "pass": true,
              "fail": false,
              "pending": false,
              "context": null,
              "code": "cy.get('.nav-link#login2').click();\ncy.wait(2000);\ncy.get('#loginusername').type('Ghost1011');\ncy.get('#loginpassword').type('Ghost101');\ncy.get(\"button[onclick='logIn()']\").click();\ncy.on('window:alert', text => {\n  expect(text).to.contains('User does not exist.');\n});",
              "err": {},
              "uuid": "37e8072e-e406-4113-ba47-cc3f74b34874",
              "parentUUID": "63bc6547-aa9b-4415-ab23-77c73dd06b88",
              "isHook": false,
              "skipped": false
            },
            {
              "title": "verify login Functionality with empty field",
              "fullTitle": "Automation testing on demoblaze.com verify login Functionality with empty field",
              "timedOut": null,
              "duration": 910,
              "state": "passed",
              "speed": "fast",
              "pass": true,
              "fail": false,
              "pending": false,
              "context": null,
              "code": "cy.get('.nav-link#login2').click();\n//cy.wait(2000)\ncy.get(\"button[onclick='logIn()']\").click();\ncy.on('window:alert', text => {\n  expect(text).to.contains('Please fill out Username and Password.');\n});",
              "err": {},
              "uuid": "f564b2da-94fd-4ca2-a211-1d5935e93628",
              "parentUUID": "63bc6547-aa9b-4415-ab23-77c73dd06b88",
              "isHook": false,
              "skipped": false
            },
            {
              "title": "verify signup page functionality",
              "fullTitle": "Automation testing on demoblaze.com verify signup page functionality",
              "timedOut": null,
              "duration": 3545,
              "state": "passed",
              "speed": "fast",
              "pass": true,
              "fail": false,
              "pending": false,
              "context": null,
              "code": "cy.get('#signin2').should('be.visible').click();\ncy.wait(2000);\n///sigup information \ncy.get('#sign-username').should('be.visible').type('solomon');\ncy.get('#sign-password').should('be.visible').type('solomon');\n//button\ncy.get(\"button[onclick='register()']\").should('be.visible').click();",
              "err": {},
              "uuid": "760b51d1-c59f-44c2-be81-ac3d4fd62124",
              "parentUUID": "63bc6547-aa9b-4415-ab23-77c73dd06b88",
              "isHook": false,
              "skipped": false
            },
            {
              "title": "verify signup page functionality with existin user Login",
              "fullTitle": "Automation testing on demoblaze.com verify signup page functionality with existin user Login",
              "timedOut": null,
              "duration": 4572,
              "state": "passed",
              "speed": "fast",
              "pass": true,
              "fail": false,
              "pending": false,
              "context": null,
              "code": "cy.get('#signin2').should('be.visible').click();\ncy.wait(2000);\n///sigup information \ncy.get('#sign-username').should('be.visible').type('solomon');\ncy.get('#sign-password').should('be.visible').type('solomon');\ncy.get(\"button[onclick='register()']\").should('be.visible').click();\n///assert window alert for user already exist \ncy.on('window:alert', text => {\n  expect(text).to.include('This user already exist');\n});",
              "err": {},
              "uuid": "ebad1bed-9c35-4679-ad34-722121dc0423",
              "parentUUID": "63bc6547-aa9b-4415-ab23-77c73dd06b88",
              "isHook": false,
              "skipped": false
            },
            {
              "title": "verify signup page functionality with empty field",
              "fullTitle": "Automation testing on demoblaze.com verify signup page functionality with empty field",
              "timedOut": null,
              "duration": 2645,
              "state": "passed",
              "speed": "fast",
              "pass": true,
              "fail": false,
              "pending": false,
              "context": null,
              "code": "cy.get('#signin2').should('be.visible').click();\ncy.wait(2000);\ncy.get(\"button[onclick='register()']\").should('be.visible').click();\n//assert window alert popup\ncy.on('window:alert', text => {\n  expect(text).to.include('Please fill out Username and Password.');\n});",
              "err": {},
              "uuid": "8dc8230f-fbce-46d9-8b7f-162610c242eb",
              "parentUUID": "63bc6547-aa9b-4415-ab23-77c73dd06b88",
              "isHook": false,
              "skipped": false
            },
            {
              "title": "verify user can signup with special characters",
              "fullTitle": "Automation testing on demoblaze.com verify user can signup with special characters",
              "timedOut": null,
              "duration": 2843,
              "state": "passed",
              "speed": "fast",
              "pass": true,
              "fail": false,
              "pending": false,
              "context": null,
              "code": "// Auto-generated username & password (mixed special characters too)\nconst randomUser = \"User\" + Date.now() + \"_*&%\";\nconst randomPass = \"Pass\" + Date.now() + \"_)(%$#@!\";\ncy.get('#signin2').should('be.visible').click();\ncy.wait(1000);\n// Enter generated data\ncy.get('#sign-username').should('be.visible').type(randomUser);\ncy.get('#sign-password').should('be.visible').type(randomPass);\n// Submit form\ncy.get(\"button[onclick='register()']\").should('be.visible').click();\n// Assert success message\ncy.on('window:alert', text => {\n  expect(text).to.include('Sign up successful');\n});",
              "err": {},
              "uuid": "93c289a5-2fb1-423d-949d-55d47cc09851",
              "parentUUID": "63bc6547-aa9b-4415-ab23-77c73dd06b88",
              "isHook": false,
              "skipped": false
            }
          ],
          "suites": [],
          "passes": [
            "6d189da2-6c2b-4454-8d1b-958bde20fd29",
            "2e0a0595-2dd5-4112-8d0d-8149bb351694",
            "e70965ba-63f1-4f07-bedf-77cf751ba23b",
            "ae762067-54bd-4de5-86bd-ee9e89e1c8ee",
            "37e8072e-e406-4113-ba47-cc3f74b34874",
            "f564b2da-94fd-4ca2-a211-1d5935e93628",
            "760b51d1-c59f-44c2-be81-ac3d4fd62124",
            "ebad1bed-9c35-4679-ad34-722121dc0423",
            "8dc8230f-fbce-46d9-8b7f-162610c242eb",
            "93c289a5-2fb1-423d-949d-55d47cc09851"
          ],
          "failures": [],
          "pending": [],
          "skipped": [],
          "duration": 37830,
          "root": false,
          "rootEmpty": false,
          "_timeout": 2000
        }
      ],
      "passes": [],
      "failures": [],
      "pending": [],
      "skipped": [],
      "duration": 0,
      "root": true,
      "rootEmpty": true,
      "_timeout": 2000
    }
  ],
  "meta": {
    "mocha": {
      "version": "7.2.0"
    },
    "mochawesome": {
      "options": {
        "quiet": false,
        "reportFilename": "mochawesome",
        "saveHtml": false,
        "saveJson": true,
        "consoleReporter": "spec",
        "useInlineDiffs": false,
        "code": true
      },
      "version": "7.1.4"
    },
    "marge": {
      "options": {
        "reportDir": "cypress/results",
        "overwrite": false,
        "html": false,
        "json": true
      },
      "version": "6.3.2"
    }
  }
}