{
  "stats": {
    "suites": 1,
    "tests": 10,
    "passes": 10,
    "pending": 0,
    "failures": 0,
    "start": "2025-12-05T13:24:29.392Z",
    "end": "2025-12-05T13:25:48.637Z",
    "duration": 79245,
    "testsRegistered": 10,
    "passPercent": 100,
    "pendingPercent": 0,
    "other": 0,
    "hasOther": false,
    "skipped": 0,
    "hasSkipped": false
  },
  "results": [
    {
      "uuid": "96a33cea-d0dc-4ac7-959e-e01afac901b3",
      "title": "",
      "fullFile": "cypress\\e2e\\demoblaze.com.cy.js",
      "file": "cypress\\e2e\\demoblaze.com.cy.js",
      "beforeHooks": [],
      "afterHooks": [],
      "tests": [],
      "suites": [
        {
          "uuid": "1b6366fb-dd22-4bb4-b717-a045297ac600",
          "title": "Automation testing on demoblaze.com",
          "fullFile": "",
          "file": "",
          "beforeHooks": [],
          "afterHooks": [],
          "tests": [
            {
              "title": "verify Url and title of the Page",
              "fullTitle": "Automation testing on demoblaze.com verify Url and title of the Page",
              "timedOut": null,
              "duration": 8650,
              "state": "passed",
              "speed": "medium",
              "pass": true,
              "fail": false,
              "pending": false,
              "context": null,
              "code": "cy.url().should('eq', 'https://www.demoblaze.com/index.html');\ncy.title().should('include', 'STORE');",
              "err": {},
              "uuid": "9ffc9fac-d31c-4016-84f0-a391cd4fa33f",
              "parentUUID": "1b6366fb-dd22-4bb4-b717-a045297ac600",
              "isHook": false,
              "skipped": false
            },
            {
              "title": "verifying the Navbar Element",
              "fullTitle": "Automation testing on demoblaze.com verifying the Navbar Element",
              "timedOut": null,
              "duration": 5880,
              "state": "passed",
              "speed": "medium",
              "pass": true,
              "fail": false,
              "pending": false,
              "context": null,
              "code": "cy.get('#navbarExample').should('be.visible');\ncy.get('#nava').should('be.visible');\n// Verify categories sidebar\ncy.get(\"#cat\").should(\"be.visible\");\ncy.get('#itemc').contains('Phones').should('be.visible');\ncy.get('#itemc.list-group-item').contains('Laptops').should('be.visible');\ncy.get('#itemc.list-group-item').contains('Monitors').should('be.visible');\n// Verify carousel is visible\ncy.get(\"#carouselExampleIndicators\").should(\"be.visible\");\n// Verify at least one product card is displayed\ncy.get(\"div.card.h-100\").should(\"have.length.greaterThan\", 7);\n//verify the product match its product item name\ncy.get(\"div.card.h-100\").contains('Samsung galaxy s6').should('be.visible');\ncy.get(\"div.card.h-100\").contains('Nokia lumia 1520').should('be.visible');\ncy.get(\"div.card.h-100\").contains('Nexus 6').should('be.visible');\ncy.get(\"div.card.h-100\").contains('Iphone 6 32gb').should('be.visible');\ncy.get(\"div.card.h-100\").contains('Sony xperia z5').should('be.visible');\ncy.get(\"div.card.h-100\").contains('HTC One M9').should('be.visible');\n///verify the monitors production and laptop product match\ncy.get('#next2').click();\ncy.get(\"div.card.h-100:nth-child(1)\").contains('MacBook air').should('be.visible');\ncy.get(\"div.card.h-100:nth-child(1)\").contains('Dell i7 8gb').should('be.visible');\ncy.get(\"div.card.h-100:nth-child(1)\").contains('2017 Dell 15.6 Inch').should('be.visible');\ncy.get(\"div.card.h-100:nth-child(1)\").contains('ASUS Full HD').should('be.visible');\ncy.get(\"div.card.h-100:nth-child(1)\").contains('MacBook Pro').should('be.visible');",
              "err": {},
              "uuid": "84738f74-880d-4c9a-9c7b-8183e5d4610f",
              "parentUUID": "1b6366fb-dd22-4bb4-b717-a045297ac600",
              "isHook": false,
              "skipped": false
            },
            {
              "title": "should filter products when a category is clicked",
              "fullTitle": "Automation testing on demoblaze.com should filter products when a category is clicked",
              "timedOut": null,
              "duration": 4499,
              "state": "passed",
              "speed": "fast",
              "pass": true,
              "fail": false,
              "pending": false,
              "context": null,
              "code": "cy.get(\"#itemc\").contains(\"Phones\").click();\ncy.get(\".card-title\").each($el => {\n  cy.wrap($el).should(\"be.visible\");\n});",
              "err": {},
              "uuid": "9443ec4b-6052-4967-b2b1-3fedad2e0490",
              "parentUUID": "1b6366fb-dd22-4bb4-b717-a045297ac600",
              "isHook": false,
              "skipped": false
            },
            {
              "title": "verify login Functionality with valid input",
              "fullTitle": "Automation testing on demoblaze.com verify login Functionality with valid input",
              "timedOut": null,
              "duration": 16184,
              "state": "passed",
              "speed": "slow",
              "pass": true,
              "fail": false,
              "pending": false,
              "context": null,
              "code": "cy.get('.nav-link#login2').click();\ncy.wait(5000);\ncy.get('#loginusername').should('be.visible').type('Ghost101');\ncy.get('#loginpassword').should('be.visible').type('Ghost101');\ncy.get(\"button[onclick='logIn()']\").should('be.visible').click();\ncy.get('#nameofuser').should('be.visible');\ncy.contains('Welcome Ghost101');",
              "err": {},
              "uuid": "a65acdf8-8ce0-4e6f-af69-f7a9826353ea",
              "parentUUID": "1b6366fb-dd22-4bb4-b717-a045297ac600",
              "isHook": false,
              "skipped": false
            },
            {
              "title": "verify login Functionality with invalid input",
              "fullTitle": "Automation testing on demoblaze.com verify login Functionality with invalid input",
              "timedOut": null,
              "duration": 6923,
              "state": "passed",
              "speed": "medium",
              "pass": true,
              "fail": false,
              "pending": false,
              "context": null,
              "code": "cy.get('.nav-link#login2').click();\ncy.wait(2000);\ncy.get('#loginusername').type('Ghost1011');\ncy.get('#loginpassword').type('Ghost101');\ncy.get(\"button[onclick='logIn()']\").click();\ncy.on('window:alert', text => {\n  expect(text).to.contains('User does not exist.');\n});",
              "err": {},
              "uuid": "7a412039-0790-48bd-b858-b9b4eb90c1d6",
              "parentUUID": "1b6366fb-dd22-4bb4-b717-a045297ac600",
              "isHook": false,
              "skipped": false
            },
            {
              "title": "verify login Functionality with empty field",
              "fullTitle": "Automation testing on demoblaze.com verify login Functionality with empty field",
              "timedOut": null,
              "duration": 4070,
              "state": "passed",
              "speed": "fast",
              "pass": true,
              "fail": false,
              "pending": false,
              "context": null,
              "code": "cy.get('.nav-link#login2').click();\n//cy.wait(2000)\ncy.get(\"button[onclick='logIn()']\").click();\ncy.on('window:alert', text => {\n  expect(text).to.contains('Please fill out Username and Password.');\n});",
              "err": {},
              "uuid": "4554c81b-5207-4b5c-937f-99bec4111710",
              "parentUUID": "1b6366fb-dd22-4bb4-b717-a045297ac600",
              "isHook": false,
              "skipped": false
            },
            {
              "title": "verify signup page functionality",
              "fullTitle": "Automation testing on demoblaze.com verify signup page functionality",
              "timedOut": null,
              "duration": 6132,
              "state": "passed",
              "speed": "medium",
              "pass": true,
              "fail": false,
              "pending": false,
              "context": null,
              "code": "cy.get('#signin2').should('be.visible').click();\ncy.wait(2000);\n///sigup information \ncy.get('#sign-username').should('be.visible').type('solomon');\ncy.get('#sign-password').should('be.visible').type('solomon');\n//button\ncy.get(\"button[onclick='register()']\").should('be.visible').click();",
              "err": {},
              "uuid": "2c5e79b2-6def-419c-8b12-f33e2d9468a7",
              "parentUUID": "1b6366fb-dd22-4bb4-b717-a045297ac600",
              "isHook": false,
              "skipped": false
            },
            {
              "title": "verify signup page functionality with existin user Login",
              "fullTitle": "Automation testing on demoblaze.com verify signup page functionality with existin user Login",
              "timedOut": null,
              "duration": 4331,
              "state": "passed",
              "speed": "fast",
              "pass": true,
              "fail": false,
              "pending": false,
              "context": null,
              "code": "cy.get('#signin2').should('be.visible').click();\ncy.wait(2000);\n///sigup information \ncy.get('#sign-username').should('be.visible').type('solomon');\ncy.get('#sign-password').should('be.visible').type('solomon');\ncy.get(\"button[onclick='register()']\").should('be.visible').click();\n///assert window alert for user already exist \ncy.on('window:alert', text => {\n  expect(text).to.include('This user already exist');\n});",
              "err": {},
              "uuid": "0a8da1c6-55c0-48f7-918e-6c1db18fa765",
              "parentUUID": "1b6366fb-dd22-4bb4-b717-a045297ac600",
              "isHook": false,
              "skipped": false
            },
            {
              "title": "verify signup page functionality with empty field",
              "fullTitle": "Automation testing on demoblaze.com verify signup page functionality with empty field",
              "timedOut": null,
              "duration": 4916,
              "state": "passed",
              "speed": "fast",
              "pass": true,
              "fail": false,
              "pending": false,
              "context": null,
              "code": "cy.get('#signin2').should('be.visible').click();\ncy.wait(2000);\ncy.get(\"button[onclick='register()']\").should('be.visible').click();\n//assert window alert popup\ncy.on('window:alert', text => {\n  expect(text).to.include('Please fill out Username and Password.');\n});",
              "err": {},
              "uuid": "20f6ef01-f70f-4dbe-8f94-bfbba2e7ce09",
              "parentUUID": "1b6366fb-dd22-4bb4-b717-a045297ac600",
              "isHook": false,
              "skipped": false
            },
            {
              "title": "verify user can signup with special characters",
              "fullTitle": "Automation testing on demoblaze.com verify user can signup with special characters",
              "timedOut": null,
              "duration": 5383,
              "state": "passed",
              "speed": "medium",
              "pass": true,
              "fail": false,
              "pending": false,
              "context": null,
              "code": "// Auto-generated username & password (mixed special characters too)\nconst randomUser = \"User\" + Date.now() + \"_*&%\";\nconst randomPass = \"Pass\" + Date.now() + \"_)(%$#@!\";\ncy.get('#signin2').should('be.visible').click();\ncy.wait(1000);\n// Enter generated data\ncy.get('#sign-username').should('be.visible').type(randomUser);\ncy.get('#sign-password').should('be.visible').type(randomPass);\n// Submit form\ncy.get(\"button[onclick='register()']\").should('be.visible').click();\n// Assert success message\ncy.on('window:alert', text => {\n  expect(text).to.include('Sign up successful');\n});",
              "err": {},
              "uuid": "b7635d29-e050-44d8-ba99-a6e5d1b119f8",
              "parentUUID": "1b6366fb-dd22-4bb4-b717-a045297ac600",
              "isHook": false,
              "skipped": false
            }
          ],
          "suites": [],
          "passes": [
            "9ffc9fac-d31c-4016-84f0-a391cd4fa33f",
            "84738f74-880d-4c9a-9c7b-8183e5d4610f",
            "9443ec4b-6052-4967-b2b1-3fedad2e0490",
            "a65acdf8-8ce0-4e6f-af69-f7a9826353ea",
            "7a412039-0790-48bd-b858-b9b4eb90c1d6",
            "4554c81b-5207-4b5c-937f-99bec4111710",
            "2c5e79b2-6def-419c-8b12-f33e2d9468a7",
            "0a8da1c6-55c0-48f7-918e-6c1db18fa765",
            "20f6ef01-f70f-4dbe-8f94-bfbba2e7ce09",
            "b7635d29-e050-44d8-ba99-a6e5d1b119f8"
          ],
          "failures": [],
          "pending": [],
          "skipped": [],
          "duration": 66968,
          "root": false,
          "rootEmpty": false,
          "_timeout": 2000
        }
      ],
      "passes": [],
      "failures": [],
      "pending": [],
      "skipped": [],
      "duration": 0,
      "root": true,
      "rootEmpty": true,
      "_timeout": 2000
    }
  ],
  "meta": {
    "mocha": {
      "version": "7.2.0"
    },
    "mochawesome": {
      "options": {
        "quiet": false,
        "reportFilename": "mochawesome",
        "saveHtml": false,
        "saveJson": true,
        "consoleReporter": "spec",
        "useInlineDiffs": false,
        "code": true
      },
      "version": "7.1.4"
    },
    "marge": {
      "options": {
        "reportDir": "cypress/results",
        "overwrite": false,
        "html": false,
        "json": true
      },
      "version": "6.3.2"
    }
  }
}