{
  "stats": {
    "suites": 1,
    "tests": 1,
    "passes": 1,
    "pending": 0,
    "failures": 0,
    "start": "2025-12-05T13:19:41.771Z",
    "end": "2025-12-05T13:19:53.404Z",
    "duration": 11633,
    "testsRegistered": 1,
    "passPercent": 100,
    "pendingPercent": 0,
    "other": 0,
    "hasOther": false,
    "skipped": 0,
    "hasSkipped": false
  },
  "results": [
    {
      "uuid": "a9132ff6-2fe2-4770-9b6b-851fe94b180c",
      "title": "",
      "fullFile": "cypress\\e2e\\qarena.cy.js",
      "file": "cypress\\e2e\\qarena.cy.js",
      "beforeHooks": [],
      "afterHooks": [],
      "tests": [],
      "suites": [
        {
          "uuid": "d224a6c0-1d29-4e8b-a5c0-9c6cbc03e7f1",
          "title": "Automation testing with Qarena",
          "fullFile": "",
          "file": "",
          "beforeHooks": [],
          "afterHooks": [],
          "tests": [
            {
              "title": "login functionality",
              "fullTitle": "Automation testing with Qarena login functionality",
              "timedOut": null,
              "duration": 5949,
              "state": "passed",
              "speed": "medium",
              "pass": true,
              "fail": false,
              "pending": false,
              "context": null,
              "code": "cy.visit('https://qarena.vercel.app/');\ncy.title().should('include', 'client');\ncy.url().should('include', 'qarena.vercel.app');\ncy.get('body > div:nth-child(1) > div:nth-child(1) > div:nth-child(2) > div:nth-child(1) > div:nth-child(1) > div:nth-child(2) > div:nth-child(2) > a:nth-child(5) > div:nth-child(1) > div:nth-child(1)').click();\ncy.get(\"div[class='rounded-lg text-card-foreground shadow-sm bg-purple-50 border-purple-200 border-2 hover:shadow-lg hover:scale-105 transition-all duration-300 cursor-pointer h-full'] div[class='flex items-center gap-4 mb-4']\").click();\ncy.get(\"div[class='grid grid-cols-3 gap-2'] button:nth-child(1)\").click();\ncy.get('body > div:nth-child(1) > div:nth-child(1) > div:nth-child(1) > div:nth-child(2) > div:nth-child(1) > div:nth-child(2) > button:nth-child(2)').click();\ncy.get('button:nth-child(3)').should('be.visible').click();\ncy.get('button:nth-child(4)').should('be.visible').click();\ncy.get(\"button[data-cy='atm-key-Enter']\").should('be.visible').click();\ncy.contains('Select Transaction').should('be.visible');\ncy.get(\"button[data-cy='atm-menu-balance']\").should('be.visible').click();\ncy.get('body > div:nth-child(1) > div:nth-child(1) > div:nth-child(1) > div:nth-child(2) > div:nth-child(1) > div:nth-child(1) > div:nth-child(1) > button:nth-child(4)').click();\n///Deposit functionality     \ncy.get(\"button[data-cy='atm-menu-deposit']\").click();\ncy.get('button:nth-child(4)').should('be.visible').click();\ncy.get(\"div[class='grid grid-cols-3 gap-2'] button:nth-child(1)\").click();\ncy.get('body > div:nth-child(1) > div:nth-child(1) > div:nth-child(1) > div:nth-child(2) > div:nth-child(1) > div:nth-child(2) > button:nth-child(2)').click();\ncy.get('button:nth-child(3)').should('be.visible').click();\ncy.get(\"body > div:nth-child(1) > div:nth-child(1) > div:nth-child(1) > div:nth-child(2) > div:nth-child(1) > div:nth-child(1) > div:nth-child(1) > div:nth-child(2) > div:nth-child(2) > button:nth-child(1)\").click();",
              "err": {},
              "uuid": "ed9da527-8154-48cf-812a-1f1bee345a69",
              "parentUUID": "d224a6c0-1d29-4e8b-a5c0-9c6cbc03e7f1",
              "isHook": false,
              "skipped": false
            }
          ],
          "suites": [],
          "passes": [
            "ed9da527-8154-48cf-812a-1f1bee345a69"
          ],
          "failures": [],
          "pending": [],
          "skipped": [],
          "duration": 5949,
          "root": false,
          "rootEmpty": false,
          "_timeout": 2000
        }
      ],
      "passes": [],
      "failures": [],
      "pending": [],
      "skipped": [],
      "duration": 0,
      "root": true,
      "rootEmpty": true,
      "_timeout": 2000
    }
  ],
  "meta": {
    "mocha": {
      "version": "7.2.0"
    },
    "mochawesome": {
      "options": {
        "quiet": false,
        "reportFilename": "mochawesome",
        "saveHtml": false,
        "saveJson": true,
        "consoleReporter": "spec",
        "useInlineDiffs": false,
        "code": true
      },
      "version": "7.1.4"
    },
    "marge": {
      "options": {
        "reportDir": "cypress/results",
        "overwrite": false,
        "html": false,
        "json": true
      },
      "version": "6.3.2"
    }
  }
}