{
  "stats": {
    "suites": 1,
    "tests": 10,
    "passes": 10,
    "pending": 0,
    "failures": 0,
    "start": "2025-12-05T13:03:14.970Z",
    "end": "2025-12-05T13:04:16.912Z",
    "duration": 61942,
    "testsRegistered": 10,
    "passPercent": 100,
    "pendingPercent": 0,
    "other": 0,
    "hasOther": false,
    "skipped": 0,
    "hasSkipped": false
  },
  "results": [
    {
      "uuid": "af12f14d-30c9-4aad-a4e3-36e6b9622506",
      "title": "",
      "fullFile": "cypress\\e2e\\demoblaze.com.cy.js",
      "file": "cypress\\e2e\\demoblaze.com.cy.js",
      "beforeHooks": [],
      "afterHooks": [],
      "tests": [],
      "suites": [
        {
          "uuid": "fd3c1b87-48f6-470e-a541-527d3f6a58aa",
          "title": "Automation testing on demoblaze.com",
          "fullFile": "",
          "file": "",
          "beforeHooks": [],
          "afterHooks": [],
          "tests": [
            {
              "title": "verify Url and title of the Page",
              "fullTitle": "Automation testing on demoblaze.com verify Url and title of the Page",
              "timedOut": null,
              "duration": 4020,
              "state": "passed",
              "speed": "fast",
              "pass": true,
              "fail": false,
              "pending": false,
              "context": null,
              "code": "cy.url().should('eq', 'https://www.demoblaze.com/index.html');\ncy.title().should('include', 'STORE');",
              "err": {},
              "uuid": "9beddb33-aab2-477c-a275-c9bbe542cbcc",
              "parentUUID": "fd3c1b87-48f6-470e-a541-527d3f6a58aa",
              "isHook": false,
              "skipped": false
            },
            {
              "title": "verifying the Navbar Element",
              "fullTitle": "Automation testing on demoblaze.com verifying the Navbar Element",
              "timedOut": null,
              "duration": 6081,
              "state": "passed",
              "speed": "medium",
              "pass": true,
              "fail": false,
              "pending": false,
              "context": null,
              "code": "cy.get('#navbarExample').should('be.visible');\ncy.get('#nava').should('be.visible');\n// Verify categories sidebar\ncy.get(\"#cat\").should(\"be.visible\");\ncy.get('#itemc').contains('Phones').should('be.visible');\ncy.get('#itemc.list-group-item').contains('Laptops').should('be.visible');\ncy.get('#itemc.list-group-item').contains('Monitors').should('be.visible');\n// Verify carousel is visible\ncy.get(\"#carouselExampleIndicators\").should(\"be.visible\");\n// Verify at least one product card is displayed\ncy.get(\"div.card.h-100\").should(\"have.length.greaterThan\", 7);\n//verify the product match its product item name\ncy.get(\"div.card.h-100\").contains('Samsung galaxy s6').should('be.visible');\ncy.get(\"div.card.h-100\").contains('Nokia lumia 1520').should('be.visible');\ncy.get(\"div.card.h-100\").contains('Nexus 6').should('be.visible');\ncy.get(\"div.card.h-100\").contains('Iphone 6 32gb').should('be.visible');\ncy.get(\"div.card.h-100\").contains('Sony xperia z5').should('be.visible');\ncy.get(\"div.card.h-100\").contains('HTC One M9').should('be.visible');\n///verify the monitors production and laptop product match\ncy.get('#next2').click();\ncy.get(\"div.card.h-100:nth-child(1)\").contains('MacBook air').should('be.visible');\ncy.get(\"div.card.h-100:nth-child(1)\").contains('Dell i7 8gb').should('be.visible');\ncy.get(\"div.card.h-100:nth-child(1)\").contains('2017 Dell 15.6 Inch').should('be.visible');\ncy.get(\"div.card.h-100:nth-child(1)\").contains('ASUS Full HD').should('be.visible');\ncy.get(\"div.card.h-100:nth-child(1)\").contains('MacBook Pro').should('be.visible');",
              "err": {},
              "uuid": "f1906ef6-6a36-43fd-b2a3-37d21f44a521",
              "parentUUID": "fd3c1b87-48f6-470e-a541-527d3f6a58aa",
              "isHook": false,
              "skipped": false
            },
            {
              "title": "should filter products when a category is clicked",
              "fullTitle": "Automation testing on demoblaze.com should filter products when a category is clicked",
              "timedOut": null,
              "duration": 1941,
              "state": "passed",
              "speed": "fast",
              "pass": true,
              "fail": false,
              "pending": false,
              "context": null,
              "code": "cy.get(\"#itemc\").contains(\"Phones\").click();\ncy.get(\".card-title\").each($el => {\n  cy.wrap($el).should(\"be.visible\");\n});",
              "err": {},
              "uuid": "750753fa-ebab-4063-9be1-e2969277bd40",
              "parentUUID": "fd3c1b87-48f6-470e-a541-527d3f6a58aa",
              "isHook": false,
              "skipped": false
            },
            {
              "title": "verify login Functionality with valid input",
              "fullTitle": "Automation testing on demoblaze.com verify login Functionality with valid input",
              "timedOut": null,
              "duration": 13845,
              "state": "passed",
              "speed": "slow",
              "pass": true,
              "fail": false,
              "pending": false,
              "context": null,
              "code": "cy.get('.nav-link#login2').click();\ncy.wait(5000);\ncy.get('#loginusername').should('be.visible').type('Ghost101');\ncy.get('#loginpassword').should('be.visible').type('Ghost101');\ncy.get(\"button[onclick='logIn()']\").should('be.visible').click();\ncy.get('#nameofuser').should('be.visible');\ncy.contains('Welcome Ghost101');",
              "err": {},
              "uuid": "744588c2-fb50-47fc-aa25-384e69c51d9d",
              "parentUUID": "fd3c1b87-48f6-470e-a541-527d3f6a58aa",
              "isHook": false,
              "skipped": false
            },
            {
              "title": "verify login Functionality with invalid input",
              "fullTitle": "Automation testing on demoblaze.com verify login Functionality with invalid input",
              "timedOut": null,
              "duration": 6245,
              "state": "passed",
              "speed": "medium",
              "pass": true,
              "fail": false,
              "pending": false,
              "context": null,
              "code": "cy.get('.nav-link#login2').click();\ncy.wait(2000);\ncy.get('#loginusername').type('Ghost1011');\ncy.get('#loginpassword').type('Ghost101');\ncy.get(\"button[onclick='logIn()']\").click();\ncy.on('window:alert', text => {\n  expect(text).to.contains('User does not exist.');\n});",
              "err": {},
              "uuid": "7177972a-595f-4716-b48b-00c30a1fc807",
              "parentUUID": "fd3c1b87-48f6-470e-a541-527d3f6a58aa",
              "isHook": false,
              "skipped": false
            },
            {
              "title": "verify login Functionality with empty field",
              "fullTitle": "Automation testing on demoblaze.com verify login Functionality with empty field",
              "timedOut": null,
              "duration": 3617,
              "state": "passed",
              "speed": "fast",
              "pass": true,
              "fail": false,
              "pending": false,
              "context": null,
              "code": "cy.get('.nav-link#login2').click();\n//cy.wait(2000)\ncy.get(\"button[onclick='logIn()']\").click();\ncy.on('window:alert', text => {\n  expect(text).to.contains('Please fill out Username and Password.');\n});",
              "err": {},
              "uuid": "c1220b0a-724b-4162-9468-44f397b3f5a5",
              "parentUUID": "fd3c1b87-48f6-470e-a541-527d3f6a58aa",
              "isHook": false,
              "skipped": false
            },
            {
              "title": "verify signup page functionality",
              "fullTitle": "Automation testing on demoblaze.com verify signup page functionality",
              "timedOut": null,
              "duration": 4684,
              "state": "passed",
              "speed": "fast",
              "pass": true,
              "fail": false,
              "pending": false,
              "context": null,
              "code": "cy.get('#signin2').should('be.visible').click();\ncy.wait(2000);\n///sigup information \ncy.get('#sign-username').should('be.visible').type('solomon');\ncy.get('#sign-password').should('be.visible').type('solomon');\n//button\ncy.get(\"button[onclick='register()']\").should('be.visible').click();",
              "err": {},
              "uuid": "4b763589-2cbe-4a7d-b48e-14b68c915ba7",
              "parentUUID": "fd3c1b87-48f6-470e-a541-527d3f6a58aa",
              "isHook": false,
              "skipped": false
            },
            {
              "title": "verify signup page functionality with existin user Login",
              "fullTitle": "Automation testing on demoblaze.com verify signup page functionality with existin user Login",
              "timedOut": null,
              "duration": 5066,
              "state": "passed",
              "speed": "medium",
              "pass": true,
              "fail": false,
              "pending": false,
              "context": null,
              "code": "cy.get('#signin2').should('be.visible').click();\ncy.wait(2000);\n///sigup information \ncy.get('#sign-username').should('be.visible').type('solomon');\ncy.get('#sign-password').should('be.visible').type('solomon');\ncy.get(\"button[onclick='register()']\").should('be.visible').click();\n///assert window alert for user already exist \ncy.on('window:alert', text => {\n  expect(text).to.include('This user already exist');\n});",
              "err": {},
              "uuid": "a45b3e47-a855-47eb-8bde-23e2d20595ea",
              "parentUUID": "fd3c1b87-48f6-470e-a541-527d3f6a58aa",
              "isHook": false,
              "skipped": false
            },
            {
              "title": "verify signup page functionality with empty field",
              "fullTitle": "Automation testing on demoblaze.com verify signup page functionality with empty field",
              "timedOut": null,
              "duration": 3533,
              "state": "passed",
              "speed": "fast",
              "pass": true,
              "fail": false,
              "pending": false,
              "context": null,
              "code": "cy.get('#signin2').should('be.visible').click();\ncy.wait(2000);\ncy.get(\"button[onclick='register()']\").should('be.visible').click();\n//assert window alert popup\ncy.on('window:alert', text => {\n  expect(text).to.include('Please fill out Username and Password.');\n});",
              "err": {},
              "uuid": "f9d6a034-c42c-402f-9584-8a0275f7f0e8",
              "parentUUID": "fd3c1b87-48f6-470e-a541-527d3f6a58aa",
              "isHook": false,
              "skipped": false
            },
            {
              "title": "verify user can signup with special characters",
              "fullTitle": "Automation testing on demoblaze.com verify user can signup with special characters",
              "timedOut": null,
              "duration": 3939,
              "state": "passed",
              "speed": "fast",
              "pass": true,
              "fail": false,
              "pending": false,
              "context": null,
              "code": "// Auto-generated username & password (mixed special characters too)\nconst randomUser = \"User\" + Date.now() + \"_*&%\";\nconst randomPass = \"Pass\" + Date.now() + \"_)(%$#@!\";\ncy.get('#signin2').should('be.visible').click();\ncy.wait(1000);\n// Enter generated data\ncy.get('#sign-username').should('be.visible').type(randomUser);\ncy.get('#sign-password').should('be.visible').type(randomPass);\n// Submit form\ncy.get(\"button[onclick='register()']\").should('be.visible').click();\n// Assert success message\ncy.on('window:alert', text => {\n  expect(text).to.include('Sign up successful');\n});",
              "err": {},
              "uuid": "02933020-7f3c-4741-9e25-d44ad80151d4",
              "parentUUID": "fd3c1b87-48f6-470e-a541-527d3f6a58aa",
              "isHook": false,
              "skipped": false
            }
          ],
          "suites": [],
          "passes": [
            "9beddb33-aab2-477c-a275-c9bbe542cbcc",
            "f1906ef6-6a36-43fd-b2a3-37d21f44a521",
            "750753fa-ebab-4063-9be1-e2969277bd40",
            "744588c2-fb50-47fc-aa25-384e69c51d9d",
            "7177972a-595f-4716-b48b-00c30a1fc807",
            "c1220b0a-724b-4162-9468-44f397b3f5a5",
            "4b763589-2cbe-4a7d-b48e-14b68c915ba7",
            "a45b3e47-a855-47eb-8bde-23e2d20595ea",
            "f9d6a034-c42c-402f-9584-8a0275f7f0e8",
            "02933020-7f3c-4741-9e25-d44ad80151d4"
          ],
          "failures": [],
          "pending": [],
          "skipped": [],
          "duration": 52971,
          "root": false,
          "rootEmpty": false,
          "_timeout": 2000
        }
      ],
      "passes": [],
      "failures": [],
      "pending": [],
      "skipped": [],
      "duration": 0,
      "root": true,
      "rootEmpty": true,
      "_timeout": 2000
    }
  ],
  "meta": {
    "mocha": {
      "version": "7.2.0"
    },
    "mochawesome": {
      "options": {
        "quiet": false,
        "reportFilename": "mochawesome",
        "saveHtml": false,
        "saveJson": true,
        "consoleReporter": "spec",
        "useInlineDiffs": false,
        "code": true
      },
      "version": "7.1.4"
    },
    "marge": {
      "options": {
        "reportDir": "cypress/results",
        "overwrite": false,
        "html": false,
        "json": true
      },
      "version": "6.3.2"
    }
  }
}