{
  "stats": {
    "suites": 1,
    "tests": 1,
    "passes": 1,
    "pending": 0,
    "failures": 0,
    "start": "2025-12-05T13:04:24.565Z",
    "end": "2025-12-05T13:04:35.560Z",
    "duration": 10995,
    "testsRegistered": 1,
    "passPercent": 100,
    "pendingPercent": 0,
    "other": 0,
    "hasOther": false,
    "skipped": 0,
    "hasSkipped": false
  },
  "results": [
    {
      "uuid": "280b00bc-50c8-4a8c-8a86-65658159d4e7",
      "title": "",
      "fullFile": "cypress\\e2e\\qarena.cy.js",
      "file": "cypress\\e2e\\qarena.cy.js",
      "beforeHooks": [],
      "afterHooks": [],
      "tests": [],
      "suites": [
        {
          "uuid": "1725cd84-69b3-4bd1-88c8-d1ca88a26241",
          "title": "Automation testing with Qarena",
          "fullFile": "",
          "file": "",
          "beforeHooks": [],
          "afterHooks": [],
          "tests": [
            {
              "title": "login functionality",
              "fullTitle": "Automation testing with Qarena login functionality",
              "timedOut": null,
              "duration": 4840,
              "state": "passed",
              "speed": "fast",
              "pass": true,
              "fail": false,
              "pending": false,
              "context": null,
              "code": "cy.visit('https://qarena.vercel.app/');\ncy.title().should('include', 'client');\ncy.url().should('include', 'qarena.vercel.app');\ncy.get('body > div:nth-child(1) > div:nth-child(1) > div:nth-child(2) > div:nth-child(1) > div:nth-child(1) > div:nth-child(2) > div:nth-child(2) > a:nth-child(5) > div:nth-child(1) > div:nth-child(1)').click();\ncy.get(\"div[class='rounded-lg text-card-foreground shadow-sm bg-purple-50 border-purple-200 border-2 hover:shadow-lg hover:scale-105 transition-all duration-300 cursor-pointer h-full'] div[class='flex items-center gap-4 mb-4']\").click();\ncy.get(\"div[class='grid grid-cols-3 gap-2'] button:nth-child(1)\").click();\ncy.get('body > div:nth-child(1) > div:nth-child(1) > div:nth-child(1) > div:nth-child(2) > div:nth-child(1) > div:nth-child(2) > button:nth-child(2)').click();\ncy.get('button:nth-child(3)').should('be.visible').click();\ncy.get('button:nth-child(4)').should('be.visible').click();\ncy.get(\"button[data-cy='atm-key-Enter']\").should('be.visible').click();\ncy.contains('Select Transaction').should('be.visible');\ncy.get(\"button[data-cy='atm-menu-balance']\").should('be.visible').click();\ncy.get('body > div:nth-child(1) > div:nth-child(1) > div:nth-child(1) > div:nth-child(2) > div:nth-child(1) > div:nth-child(1) > div:nth-child(1) > button:nth-child(4)').click();\n///Deposit functionality     \ncy.get(\"button[data-cy='atm-menu-deposit']\").click();\ncy.get('button:nth-child(4)').should('be.visible').click();\ncy.get(\"div[class='grid grid-cols-3 gap-2'] button:nth-child(1)\").click();\ncy.get('body > div:nth-child(1) > div:nth-child(1) > div:nth-child(1) > div:nth-child(2) > div:nth-child(1) > div:nth-child(2) > button:nth-child(2)').click();\ncy.get('button:nth-child(3)').should('be.visible').click();\ncy.get(\"body > div:nth-child(1) > div:nth-child(1) > div:nth-child(1) > div:nth-child(2) > div:nth-child(1) > div:nth-child(1) > div:nth-child(1) > div:nth-child(2) > div:nth-child(2) > button:nth-child(1)\").click();",
              "err": {},
              "uuid": "b5c8b977-01cd-4b59-afc8-994e143e9281",
              "parentUUID": "1725cd84-69b3-4bd1-88c8-d1ca88a26241",
              "isHook": false,
              "skipped": false
            }
          ],
          "suites": [],
          "passes": [
            "b5c8b977-01cd-4b59-afc8-994e143e9281"
          ],
          "failures": [],
          "pending": [],
          "skipped": [],
          "duration": 4840,
          "root": false,
          "rootEmpty": false,
          "_timeout": 2000
        }
      ],
      "passes": [],
      "failures": [],
      "pending": [],
      "skipped": [],
      "duration": 0,
      "root": true,
      "rootEmpty": true,
      "_timeout": 2000
    }
  ],
  "meta": {
    "mocha": {
      "version": "7.2.0"
    },
    "mochawesome": {
      "options": {
        "quiet": false,
        "reportFilename": "mochawesome",
        "saveHtml": false,
        "saveJson": true,
        "consoleReporter": "spec",
        "useInlineDiffs": false,
        "code": true
      },
      "version": "7.1.4"
    },
    "marge": {
      "options": {
        "reportDir": "cypress/results",
        "overwrite": false,
        "html": false,
        "json": true
      },
      "version": "6.3.2"
    }
  }
}