{
  "stats": {
    "suites": 1,
    "tests": 11,
    "passes": 11,
    "pending": 0,
    "failures": 0,
    "start": "2025-12-05T13:20:04.164Z",
    "end": "2025-12-05T13:20:48.913Z",
    "duration": 44749,
    "testsRegistered": 11,
    "passPercent": 100,
    "pendingPercent": 0,
    "other": 0,
    "hasOther": false,
    "skipped": 0,
    "hasSkipped": false
  },
  "results": [
    {
      "uuid": "339d6210-063d-4a70-abde-5af0172d2c94",
      "title": "",
      "fullFile": "cypress\\e2e\\sauce.cy.js",
      "file": "cypress\\e2e\\sauce.cy.js",
      "beforeHooks": [],
      "afterHooks": [],
      "tests": [],
      "suites": [
        {
          "uuid": "c1e7772a-b69c-4519-b877-e2d701eaa9f8",
          "title": "automation testing Saucedemo.com",
          "fullFile": "",
          "file": "",
          "beforeHooks": [],
          "afterHooks": [],
          "tests": [
            {
              "title": "Verifying the website Url and Title",
              "fullTitle": "automation testing Saucedemo.com Verifying the website Url and Title",
              "timedOut": null,
              "duration": 6549,
              "state": "passed",
              "speed": "medium",
              "pass": true,
              "fail": false,
              "pending": false,
              "context": null,
              "code": "cy.visit('https://www.saucedemo.com/');\ncy.url().should('eq', 'https://www.saucedemo.com/');\ncy.title().should('eq', 'Swag Labs');\ncy.contains('Swag Labs').should('be.visible');",
              "err": {},
              "uuid": "0c454e8d-0501-4236-8d27-825f98d85097",
              "parentUUID": "c1e7772a-b69c-4519-b877-e2d701eaa9f8",
              "isHook": false,
              "skipped": false
            },
            {
              "title": "Verify Login functionality with invalid input",
              "fullTitle": "automation testing Saucedemo.com Verify Login functionality with invalid input",
              "timedOut": null,
              "duration": 1755,
              "state": "passed",
              "speed": "fast",
              "pass": true,
              "fail": false,
              "pending": false,
              "context": null,
              "code": "cy.visit('https://www.saucedemo.com/');\ncy.get('#user-name').type('visual_user');\ncy.get('#password').type('secret_sauce1');\ncy.get('#login-button').click();\n///verifying using alert \ncy.on('window:alert', text => {\n  expect(text).to.contains('Epic sadface: Username and password do not match any user in this service');\n});\ncy.contains('Epic sadface: Username and password do not match any user in this service');",
              "err": {},
              "uuid": "e59e4345-9c42-489f-b1eb-72ac309fb7e9",
              "parentUUID": "c1e7772a-b69c-4519-b877-e2d701eaa9f8",
              "isHook": false,
              "skipped": false
            },
            {
              "title": "Verify login Functionality with valid input",
              "fullTitle": "automation testing Saucedemo.com Verify login Functionality with valid input",
              "timedOut": null,
              "duration": 1644,
              "state": "passed",
              "speed": "fast",
              "pass": true,
              "fail": false,
              "pending": false,
              "context": null,
              "code": "cy.visit('https://www.saucedemo.com/');\ncy.get('#user-name').type('visual_user');\ncy.get('#password').type('secret_sauce');\ncy.get('#login-button').click();\ncy.contains('Products');",
              "err": {},
              "uuid": "30925b11-44de-48ec-aac2-b4fd72b86a2a",
              "parentUUID": "c1e7772a-b69c-4519-b877-e2d701eaa9f8",
              "isHook": false,
              "skipped": false
            },
            {
              "title": "verify login Functionality with empty field",
              "fullTitle": "automation testing Saucedemo.com verify login Functionality with empty field",
              "timedOut": null,
              "duration": 1362,
              "state": "passed",
              "speed": "fast",
              "pass": true,
              "fail": false,
              "pending": false,
              "context": null,
              "code": "cy.visit('https://www.saucedemo.com/');\ncy.get('#login-button').click();\ncy.contains('Epic sadface: Username is required');\ncy.on('window alert', test => {\n  expect(text).to.contain('Epic sadface: Username is required');\n});",
              "err": {},
              "uuid": "0e348da5-3d42-4f0d-a34f-c60135457eb7",
              "parentUUID": "c1e7772a-b69c-4519-b877-e2d701eaa9f8",
              "isHook": false,
              "skipped": false
            },
            {
              "title": "verifying the number of list products",
              "fullTitle": "automation testing Saucedemo.com verifying the number of list products",
              "timedOut": null,
              "duration": 2315,
              "state": "passed",
              "speed": "fast",
              "pass": true,
              "fail": false,
              "pending": false,
              "context": null,
              "code": "cy.visit('https://www.saucedemo.com/');\ncy.get('#user-name').type('visual_user');\ncy.get('#password').type('secret_sauce');\ncy.get('#login-button').click();\ncy.get(\"div.inventory_item\").should('have.length', '6');",
              "err": {},
              "uuid": "fc9fea80-c456-47f4-8342-a77b4c183063",
              "parentUUID": "c1e7772a-b69c-4519-b877-e2d701eaa9f8",
              "isHook": false,
              "skipped": false
            },
            {
              "title": "verifying if  1st and 5th products matach Item list",
              "fullTitle": "automation testing Saucedemo.com verifying if  1st and 5th products matach Item list",
              "timedOut": null,
              "duration": 4471,
              "state": "passed",
              "speed": "fast",
              "pass": true,
              "fail": false,
              "pending": false,
              "context": null,
              "code": "cy.visit('https://www.saucedemo.com/');\ncy.get('#user-name').type('visual_user');\ncy.get('#password').type('secret_sauce');\ncy.get('#login-button').click();\ncy.get('div.inventory_item:first-child').contains('Sauce Labs Backpack');\ncy.get('div.inventory_item:nth-child(5)').contains('Sauce Labs Onesie');",
              "err": {},
              "uuid": "8d9a9aa0-a73e-4797-84bd-06627dde174f",
              "parentUUID": "c1e7772a-b69c-4519-b877-e2d701eaa9f8",
              "isHook": false,
              "skipped": false
            },
            {
              "title": "verifying the Cart functionality",
              "fullTitle": "automation testing Saucedemo.com verifying the Cart functionality",
              "timedOut": null,
              "duration": 1743,
              "state": "passed",
              "speed": "fast",
              "pass": true,
              "fail": false,
              "pending": false,
              "context": null,
              "code": "cy.visit('https://www.saucedemo.com/');\ncy.get('#user-name').type('visual_user');\ncy.get('#password').type('secret_sauce');\ncy.get('#login-button').click();\ncy.get('.shopping_cart_link').should('be.visible').click();",
              "err": {},
              "uuid": "67445301-13d9-4936-b40d-2d880abe13b7",
              "parentUUID": "c1e7772a-b69c-4519-b877-e2d701eaa9f8",
              "isHook": false,
              "skipped": false
            },
            {
              "title": "verify users can add to cart & view numbers of products cart & checkout",
              "fullTitle": "automation testing Saucedemo.com verify users can add to cart & view numbers of products cart & checkout",
              "timedOut": null,
              "duration": 2675,
              "state": "passed",
              "speed": "fast",
              "pass": true,
              "fail": false,
              "pending": false,
              "context": null,
              "code": "cy.visit('https://www.saucedemo.com/');\ncy.get('#user-name').type('visual_user');\ncy.get('#password').type('secret_sauce');\ncy.get('#login-button').click();\n/// validating user can add to cart \ncy.get('#add-to-cart-sauce-labs-backpack').click();\ncy.get('#add-to-cart-sauce-labs-bike-light').click();\n/// validating user can click and check product cart \ncy.get('.shopping_cart_link').click();\n//validating the numbers of Item in the cart\ncy.get(\".cart_list>.cart_item\").should('be.visible').should('have.length', 2);\n// validating user can checkout\ncy.get('#checkout').click();",
              "err": {},
              "uuid": "24684d53-0352-4807-8098-424d9d01b2b4",
              "parentUUID": "c1e7772a-b69c-4519-b877-e2d701eaa9f8",
              "isHook": false,
              "skipped": false
            },
            {
              "title": "verify user can fill payment information",
              "fullTitle": "automation testing Saucedemo.com verify user can fill payment information",
              "timedOut": null,
              "duration": 3685,
              "state": "passed",
              "speed": "fast",
              "pass": true,
              "fail": false,
              "pending": false,
              "context": null,
              "code": "cy.visit('https://www.saucedemo.com/');\ncy.get('#user-name').type('visual_user');\ncy.get('#password').type('secret_sauce');\ncy.get('#login-button').click();\ncy.get('#add-to-cart-sauce-labs-backpack').click();\ncy.get('#add-to-cart-sauce-labs-bike-light').click();\ncy.get('.shopping_cart_link').click();\ncy.get('#checkout').click();\n//validating user can input information \ncy.get('#first-name').should('be.visible').type('ghost');\ncy.get('#last-name').should('be.visible').type('ghost');\ncy.get('#postal-code').should('be.visible').type('10001');\ncy.get('#continue').should('be.visible').click();\ncy.contains('Checkout: Overview');",
              "err": {},
              "uuid": "368a5958-02bd-42f3-9fd8-e6ab9b30b16c",
              "parentUUID": "c1e7772a-b69c-4519-b877-e2d701eaa9f8",
              "isHook": false,
              "skipped": false
            },
            {
              "title": "verify Payment summary information",
              "fullTitle": "automation testing Saucedemo.com verify Payment summary information",
              "timedOut": null,
              "duration": 3919,
              "state": "passed",
              "speed": "fast",
              "pass": true,
              "fail": false,
              "pending": false,
              "context": null,
              "code": "cy.visit('https://www.saucedemo.com/');\ncy.get('#user-name').type('visual_user');\ncy.get('#password').type('secret_sauce');\ncy.get('#login-button').click();\ncy.get('#add-to-cart-sauce-labs-backpack').click();\ncy.get('#add-to-cart-sauce-labs-bike-light').click();\ncy.get('.shopping_cart_link').click();\ncy.get('#checkout').click();\ncy.get('#first-name').should('be.visible').type('ghost');\ncy.get('#last-name').should('be.visible').type('ghost');\ncy.get('#postal-code').should('be.visible').type('10001');\ncy.get('#continue').should('be.visible').click();\ncy.contains('Checkout: Overview');\n//validating the payment information \ncy.get(\".summary_info_label\").should('be.visible').should('have.length', '3');\ncy.contains('Payment Information');\ncy.contains('Shipping Information:');\ncy.contains('Price Total');\ncy.get('.summary_total_label').contains('Total: $43.18');\ncy.get('#finish').should('be.visible').click();",
              "err": {},
              "uuid": "e061949c-2870-4049-bb43-c0829e07c34e",
              "parentUUID": "c1e7772a-b69c-4519-b877-e2d701eaa9f8",
              "isHook": false,
              "skipped": false
            },
            {
              "title": "verify the logout functionality",
              "fullTitle": "automation testing Saucedemo.com verify the logout functionality",
              "timedOut": null,
              "duration": 2196,
              "state": "passed",
              "speed": "fast",
              "pass": true,
              "fail": false,
              "pending": false,
              "context": null,
              "code": "cy.visit('https://www.saucedemo.com/');\ncy.get('#user-name').type('visual_user');\ncy.get('#password').type('secret_sauce');\ncy.get('#login-button').click();\ncy.get('#react-burger-menu-btn').click();\ncy.get('#logout_sidebar_link').should('be.visible').click();",
              "err": {},
              "uuid": "d3b24f87-4002-44de-b336-312933f2f2af",
              "parentUUID": "c1e7772a-b69c-4519-b877-e2d701eaa9f8",
              "isHook": false,
              "skipped": false
            }
          ],
          "suites": [],
          "passes": [
            "0c454e8d-0501-4236-8d27-825f98d85097",
            "e59e4345-9c42-489f-b1eb-72ac309fb7e9",
            "30925b11-44de-48ec-aac2-b4fd72b86a2a",
            "0e348da5-3d42-4f0d-a34f-c60135457eb7",
            "fc9fea80-c456-47f4-8342-a77b4c183063",
            "8d9a9aa0-a73e-4797-84bd-06627dde174f",
            "67445301-13d9-4936-b40d-2d880abe13b7",
            "24684d53-0352-4807-8098-424d9d01b2b4",
            "368a5958-02bd-42f3-9fd8-e6ab9b30b16c",
            "e061949c-2870-4049-bb43-c0829e07c34e",
            "d3b24f87-4002-44de-b336-312933f2f2af"
          ],
          "failures": [],
          "pending": [],
          "skipped": [],
          "duration": 32314,
          "root": false,
          "rootEmpty": false,
          "_timeout": 2000
        }
      ],
      "passes": [],
      "failures": [],
      "pending": [],
      "skipped": [],
      "duration": 0,
      "root": true,
      "rootEmpty": true,
      "_timeout": 2000
    }
  ],
  "meta": {
    "mocha": {
      "version": "7.2.0"
    },
    "mochawesome": {
      "options": {
        "quiet": false,
        "reportFilename": "mochawesome",
        "saveHtml": false,
        "saveJson": true,
        "consoleReporter": "spec",
        "useInlineDiffs": false,
        "code": true
      },
      "version": "7.1.4"
    },
    "marge": {
      "options": {
        "reportDir": "cypress/results",
        "overwrite": false,
        "html": false,
        "json": true
      },
      "version": "6.3.2"
    }
  }
}